{"/Users/alvaropaco/nodejs-ts-notifications-api/swaggerOptions.ts": {"path":"/Users/alvaropaco/nodejs-ts-notifications-api/swaggerOptions.ts","statementMap":{"0":{"start":{"line":4,"column":26},"end":{"line":21,"column":2}},"1":{"start":{"line":23,"column":16},"end":{"line":27,"column":2}},"2":{"start":{"line":30,"column":22},"end":{"line":30,"column":55}},"3":{"start":{"line":31,"column":20},"end":{"line":31,"column":49}},"4":{"start":{"line":33,"column":2},"end":{"line":33,"column":70}},"5":{"start":{"line":29,"column":0},"end":{"line":29,"column":16}}},"fnMap":{"0":{"name":"setupSwagger","decl":{"start":{"line":29,"column":16},"end":{"line":29,"column":28}},"loc":{"start":{"line":29,"column":45},"end":{"line":34,"column":1}}}},"branchMap":{},"s":{"0":1,"1":1,"2":1,"3":1,"4":1,"5":1},"f":{"0":1},"b":{}}
,"/Users/alvaropaco/nodejs-ts-notifications-api/src/main.ts": {"path":"/Users/alvaropaco/nodejs-ts-notifications-api/src/main.ts","statementMap":{"0":{"start":{"line":1,"column":0},"end":{"line":1,"column":30}},"1":{"start":{"line":3,"column":0},"end":{"line":3,"column":49}},"2":{"start":{"line":4,"column":0},"end":{"line":4,"column":62}},"3":{"start":{"line":11,"column":4},"end":{"line":11,"column":26}},"4":{"start":{"line":12,"column":4},"end":{"line":12,"column":34}},"5":{"start":{"line":14,"column":4},"end":{"line":14,"column":56}},"6":{"start":{"line":16,"column":4},"end":{"line":16,"column":28}},"7":{"start":{"line":20,"column":4},"end":{"line":20,"column":77}},"8":{"start":{"line":20,"column":33},"end":{"line":20,"column":75}},"9":{"start":{"line":24,"column":4},"end":{"line":28,"column":5}},"10":{"start":{"line":25,"column":6},"end":{"line":27,"column":9}},"11":{"start":{"line":26,"column":8},"end":{"line":26,"column":38}},"12":{"start":{"line":32,"column":4},"end":{"line":32,"column":21}},"13":{"start":{"line":6,"column":0},"end":{"line":6,"column":13}}},"fnMap":{"0":{"name":"(anonymous_1)","decl":{"start":{"line":10,"column":2},"end":{"line":10,"column":null}},"loc":{"start":{"line":10,"column":2},"end":{"line":17,"column":3}}},"1":{"name":"(anonymous_2)","decl":{"start":{"line":19,"column":2},"end":{"line":19,"column":5}},"loc":{"start":{"line":19,"column":5},"end":{"line":21,"column":3}}},"2":{"name":"(anonymous_3)","decl":{"start":{"line":20,"column":27},"end":{"line":20,"column":30}},"loc":{"start":{"line":20,"column":33},"end":{"line":20,"column":75}}},"3":{"name":"(anonymous_4)","decl":{"start":{"line":23,"column":2},"end":{"line":23,"column":6}},"loc":{"start":{"line":23,"column":6},"end":{"line":29,"column":3}}},"4":{"name":"(anonymous_5)","decl":{"start":{"line":25,"column":24},"end":{"line":25,"column":27}},"loc":{"start":{"line":25,"column":29},"end":{"line":27,"column":7}}},"5":{"name":"(anonymous_6)","decl":{"start":{"line":31,"column":2},"end":{"line":31,"column":6}},"loc":{"start":{"line":31,"column":9},"end":{"line":33,"column":3}}}},"branchMap":{"0":{"loc":{"start":{"line":24,"column":4},"end":{"line":28,"column":5}},"type":"if","locations":[{"start":{"line":24,"column":4},"end":{"line":28,"column":5}}]}},"s":{"0":1,"1":1,"2":1,"3":1,"4":1,"5":1,"6":1,"7":0,"8":0,"9":1,"10":0,"11":0,"12":10,"13":1},"f":{"0":1,"1":0,"2":0,"3":1,"4":0,"5":10},"b":{"0":[0]}}
,"/Users/alvaropaco/nodejs-ts-notifications-api/src/controllers/notification.controller.ts": {"path":"/Users/alvaropaco/nodejs-ts-notifications-api/src/controllers/notification.controller.ts","statementMap":{"0":{"start":{"line":2,"column":0},"end":{"line":2,"column":68}},"1":{"start":{"line":4,"column":32},"end":{"line":12,"column":2}},"2":{"start":{"line":4,"column":70},"end":{"line":12,"column":2}},"3":{"start":{"line":5,"column":44},"end":{"line":5,"column":52}},"4":{"start":{"line":6,"column":2},"end":{"line":11,"column":3}},"5":{"start":{"line":7,"column":25},"end":{"line":7,"column":90}},"6":{"start":{"line":8,"column":4},"end":{"line":8,"column":46}},"7":{"start":{"line":10,"column":4},"end":{"line":10,"column":82}},"8":{"start":{"line":4,"column":13},"end":{"line":4,"column":32}},"9":{"start":{"line":14,"column":31},"end":{"line":27,"column":2}},"10":{"start":{"line":14,"column":69},"end":{"line":27,"column":2}},"11":{"start":{"line":15,"column":17},"end":{"line":15,"column":27}},"12":{"start":{"line":16,"column":2},"end":{"line":26,"column":3}},"13":{"start":{"line":18,"column":25},"end":{"line":18,"column":63}},"14":{"start":{"line":19,"column":4},"end":{"line":23,"column":5}},"15":{"start":{"line":20,"column":6},"end":{"line":20,"column":36}},"16":{"start":{"line":22,"column":6},"end":{"line":22,"column":73}},"17":{"start":{"line":25,"column":4},"end":{"line":25,"column":85}},"18":{"start":{"line":14,"column":13},"end":{"line":14,"column":31}},"19":{"start":{"line":29,"column":29},"end":{"line":44,"column":2}},"20":{"start":{"line":29,"column":67},"end":{"line":44,"column":2}},"21":{"start":{"line":30,"column":24},"end":{"line":30,"column":32}},"22":{"start":{"line":31,"column":2},"end":{"line":43,"column":3}},"23":{"start":{"line":32,"column":4},"end":{"line":32,"column":54}},"24":{"start":{"line":33,"column":4},"end":{"line":33,"column":34}},"25":{"start":{"line":35,"column":26},"end":{"line":35,"column":49}},"26":{"start":{"line":36,"column":4},"end":{"line":38,"column":5}},"27":{"start":{"line":37,"column":6},"end":{"line":37,"column":71}},"28":{"start":{"line":39,"column":4},"end":{"line":41,"column":5}},"29":{"start":{"line":40,"column":6},"end":{"line":40,"column":73}},"30":{"start":{"line":42,"column":4},"end":{"line":42,"column":80}},"31":{"start":{"line":29,"column":13},"end":{"line":29,"column":29}}},"fnMap":{"0":{"name":"(anonymous_8)","decl":{"start":{"line":4,"column":32},"end":{"line":4,"column":39}},"loc":{"start":{"line":4,"column":70},"end":{"line":12,"column":2}}},"1":{"name":"(anonymous_9)","decl":{"start":{"line":4,"column":70},"end":{"line":4,"column":null}},"loc":{"start":{"line":4,"column":70},"end":{"line":12,"column":1}}},"2":{"name":"(anonymous_10)","decl":{"start":{"line":14,"column":31},"end":{"line":14,"column":38}},"loc":{"start":{"line":14,"column":69},"end":{"line":27,"column":2}}},"3":{"name":"(anonymous_11)","decl":{"start":{"line":14,"column":69},"end":{"line":14,"column":null}},"loc":{"start":{"line":14,"column":69},"end":{"line":27,"column":1}}},"4":{"name":"(anonymous_12)","decl":{"start":{"line":29,"column":29},"end":{"line":29,"column":36}},"loc":{"start":{"line":29,"column":67},"end":{"line":44,"column":2}}},"5":{"name":"(anonymous_13)","decl":{"start":{"line":29,"column":67},"end":{"line":29,"column":null}},"loc":{"start":{"line":29,"column":67},"end":{"line":44,"column":1}}}},"branchMap":{"0":{"loc":{"start":{"line":19,"column":4},"end":{"line":23,"column":5}},"type":"if","locations":[{"start":{"line":19,"column":4},"end":{"line":23,"column":5}},{"start":{"line":21,"column":11},"end":{"line":23,"column":5}}]},"1":{"loc":{"start":{"line":36,"column":4},"end":{"line":38,"column":5}},"type":"if","locations":[{"start":{"line":36,"column":4},"end":{"line":38,"column":5}}]},"2":{"loc":{"start":{"line":39,"column":4},"end":{"line":41,"column":5}},"type":"if","locations":[{"start":{"line":39,"column":4},"end":{"line":41,"column":5}}]}},"s":{"0":1,"1":1,"2":4,"3":4,"4":4,"5":4,"6":4,"7":0,"8":1,"9":1,"10":3,"11":3,"12":3,"13":3,"14":3,"15":2,"16":1,"17":0,"18":1,"19":1,"20":3,"21":3,"22":3,"23":3,"24":1,"25":2,"26":2,"27":1,"28":1,"29":1,"30":0,"31":1},"f":{"0":4,"1":4,"2":3,"3":3,"4":3,"5":3},"b":{"0":[2,1],"1":[1],"2":[1]}}
,"/Users/alvaropaco/nodejs-ts-notifications-api/src/dtos/notification.dto.ts": {"path":"/Users/alvaropaco/nodejs-ts-notifications-api/src/dtos/notification.dto.ts","statementMap":{"0":{"start":{"line":1,"column":0},"end":{"line":1,"column":null}},"1":{"start":{"line":2,"column":2},"end":{"line":2,"column":null}},"2":{"start":{"line":3,"column":2},"end":{"line":3,"column":null}},"3":{"start":{"line":6,"column":0},"end":{"line":6,"column":null}},"4":{"start":{"line":7,"column":2},"end":{"line":7,"column":null}},"5":{"start":{"line":8,"column":2},"end":{"line":8,"column":null}},"6":{"start":{"line":9,"column":2},"end":{"line":9,"column":null}}},"fnMap":{"0":{"name":"(anonymous_0)","decl":{"start":{"line":1,"column":0},"end":{"line":1,"column":12}},"loc":{"start":{"line":1,"column":19},"end":{"line":4,"column":1}}},"1":{"name":"(anonymous_1)","decl":{"start":{"line":6,"column":0},"end":{"line":6,"column":12}},"loc":{"start":{"line":6,"column":18},"end":{"line":10,"column":1}}}},"branchMap":{"0":{"loc":{"start":{"line":1,"column":12},"end":{"line":1,"column":null}},"type":"binary-expr","locations":[{"start":{"line":1,"column":12},"end":{"line":1,"column":19}},{"start":{"line":1,"column":19},"end":{"line":1,"column":null}}]},"1":{"loc":{"start":{"line":6,"column":12},"end":{"line":6,"column":null}},"type":"binary-expr","locations":[{"start":{"line":6,"column":12},"end":{"line":6,"column":18}},{"start":{"line":6,"column":18},"end":{"line":6,"column":null}}]}},"s":{"0":1,"1":1,"2":1,"3":1,"4":1,"5":1,"6":1},"f":{"0":1,"1":1},"b":{"0":[1,1],"1":[1,1]}}
,"/Users/alvaropaco/nodejs-ts-notifications-api/src/models/index.ts": {"path":"/Users/alvaropaco/nodejs-ts-notifications-api/src/models/index.ts","statementMap":{"0":{"start":{"line":1,"column":0},"end":{"line":1,"column":38}},"1":{"start":{"line":2,"column":0},"end":{"line":2,"column":46}},"2":{"start":{"line":4,"column":12},"end":{"line":4,"column":49}},"3":{"start":{"line":5,"column":0},"end":{"line":5,"column":null}},"4":{"start":{"line":6,"column":17},"end":{"line":6,"column":56}},"5":{"start":{"line":8,"column":18},"end":{"line":9,"column":null}},"6":{"start":{"line":12,"column":0},"end":{"line":13,"column":57}},"7":{"start":{"line":13,"column":14},"end":{"line":13,"column":55}},"8":{"start":{"line":15,"column":0},"end":{"line":15,"column":25}}},"fnMap":{"0":{"name":"(anonymous_1)","decl":{"start":{"line":13,"column":8},"end":{"line":13,"column":11}},"loc":{"start":{"line":13,"column":14},"end":{"line":13,"column":55}}}},"branchMap":{"0":{"loc":{"start":{"line":4,"column":12},"end":{"line":4,"column":49}},"type":"binary-expr","locations":[{"start":{"line":4,"column":12},"end":{"line":4,"column":32}},{"start":{"line":4,"column":36},"end":{"line":4,"column":49}}]}},"s":{"0":1,"1":1,"2":1,"3":1,"4":1,"5":1,"6":1,"7":1,"8":1},"f":{"0":1},"b":{"0":[1,0]}}
,"/Users/alvaropaco/nodejs-ts-notifications-api/src/models/notifications.model.ts": {"path":"/Users/alvaropaco/nodejs-ts-notifications-api/src/models/notifications.model.ts","statementMap":{"0":{"start":{"line":2,"column":0},"end":{"line":2,"column":45}},"1":{"start":{"line":3,"column":0},"end":{"line":3,"column":26}},"2":{"start":{"line":4,"column":0},"end":{"line":4,"column":65}},"3":{"start":{"line":17,"column":0},"end":{"line":36,"column":3}},"4":{"start":{"line":38,"column":0},"end":{"line":38,"column":33}}},"fnMap":{},"branchMap":{},"s":{"0":1,"1":1,"2":1,"3":1,"4":1},"f":{},"b":{}}
,"/Users/alvaropaco/nodejs-ts-notifications-api/src/routes/notification.routes.ts": {"path":"/Users/alvaropaco/nodejs-ts-notifications-api/src/routes/notification.routes.ts","statementMap":{"0":{"start":{"line":1,"column":0},"end":{"line":1,"column":33}},"1":{"start":{"line":2,"column":0},"end":{"line":2,"column":106}},"2":{"start":{"line":4,"column":15},"end":{"line":4,"column":23}},"3":{"start":{"line":72,"column":0},"end":{"line":72,"column":35}},"4":{"start":{"line":92,"column":0},"end":{"line":92,"column":36}},"5":{"start":{"line":119,"column":0},"end":{"line":119,"column":40}},"6":{"start":{"line":121,"column":0},"end":{"line":121,"column":22}}},"fnMap":{},"branchMap":{},"s":{"0":1,"1":1,"2":1,"3":1,"4":1,"5":1,"6":1},"f":{},"b":{}}
,"/Users/alvaropaco/nodejs-ts-notifications-api/src/services/notification.services.ts": {"path":"/Users/alvaropaco/nodejs-ts-notifications-api/src/services/notification.services.ts","statementMap":{"0":{"start":{"line":1,"column":0},"end":{"line":1,"column":103}},"1":{"start":{"line":2,"column":0},"end":{"line":2,"column":62}},"2":{"start":{"line":5,"column":20},"end":{"line":21,"column":null}},"3":{"start":{"line":6,"column":4},"end":{"line":20,"column":5}},"4":{"start":{"line":7,"column":19},"end":{"line":13,"column":null}},"5":{"start":{"line":14,"column":27},"end":{"line":14,"column":70}},"6":{"start":{"line":15,"column":6},"end":{"line":15,"column":32}},"7":{"start":{"line":16,"column":6},"end":{"line":16,"column":26}},"8":{"start":{"line":18,"column":6},"end":{"line":18,"column":58}},"9":{"start":{"line":19,"column":6},"end":{"line":19,"column":18}},"10":{"start":{"line":24,"column":4},"end":{"line":30,"column":5}},"11":{"start":{"line":25,"column":27},"end":{"line":25,"column":63}},"12":{"start":{"line":26,"column":6},"end":{"line":26,"column":26}},"13":{"start":{"line":28,"column":6},"end":{"line":28,"column":58}},"14":{"start":{"line":29,"column":6},"end":{"line":29,"column":18}},"15":{"start":{"line":33,"column":28},"end":{"line":48,"column":null}},"16":{"start":{"line":34,"column":4},"end":{"line":47,"column":5}},"17":{"start":{"line":35,"column":6},"end":{"line":37,"column":7}},"18":{"start":{"line":36,"column":8},"end":{"line":36,"column":42}},"19":{"start":{"line":38,"column":27},"end":{"line":38,"column":63}},"20":{"start":{"line":39,"column":6},"end":{"line":41,"column":7}},"21":{"start":{"line":40,"column":8},"end":{"line":40,"column":50}},"22":{"start":{"line":42,"column":6},"end":{"line":42,"column":35}},"23":{"start":{"line":43,"column":6},"end":{"line":43,"column":32}},"24":{"start":{"line":45,"column":6},"end":{"line":45,"column":67}},"25":{"start":{"line":46,"column":6},"end":{"line":46,"column":18}},"26":{"start":{"line":4,"column":0},"end":{"line":4,"column":21}}},"fnMap":{"0":{"name":"(anonymous_8)","decl":{"start":{"line":5,"column":2},"end":{"line":5,"column":8}},"loc":{"start":{"line":5,"column":19},"end":{"line":21,"column":null}}},"1":{"name":"(anonymous_9)","decl":{"start":{"line":5,"column":20},"end":{"line":5,"column":22}},"loc":{"start":{"line":5,"column":72},"end":{"line":21,"column":3}}},"2":{"name":"(anonymous_10)","decl":{"start":{"line":23,"column":2},"end":{"line":23,"column":8}},"loc":{"start":{"line":23,"column":34},"end":{"line":31,"column":null}}},"3":{"name":"(anonymous_12)","decl":{"start":{"line":33,"column":2},"end":{"line":33,"column":8}},"loc":{"start":{"line":33,"column":27},"end":{"line":48,"column":null}}},"4":{"name":"(anonymous_13)","decl":{"start":{"line":33,"column":28},"end":{"line":33,"column":38}},"loc":{"start":{"line":33,"column":70},"end":{"line":48,"column":3}}}},"branchMap":{"0":{"loc":{"start":{"line":35,"column":6},"end":{"line":37,"column":7}},"type":"if","locations":[{"start":{"line":35,"column":6},"end":{"line":37,"column":7}}]},"1":{"loc":{"start":{"line":35,"column":9},"end":{"line":35,"column":62}},"type":"binary-expr","locations":[{"start":{"line":35,"column":9},"end":{"line":35,"column":31}},{"start":{"line":35,"column":35},"end":{"line":35,"column":62}}]},"2":{"loc":{"start":{"line":39,"column":6},"end":{"line":41,"column":7}},"type":"if","locations":[{"start":{"line":39,"column":6},"end":{"line":41,"column":7}}]}},"s":{"0":1,"1":1,"2":4,"3":4,"4":4,"5":4,"6":4,"7":4,"8":0,"9":0,"10":3,"11":3,"12":3,"13":0,"14":0,"15":3,"16":3,"17":3,"18":1,"19":2,"20":2,"21":1,"22":1,"23":1,"24":2,"25":2,"26":1},"f":{"0":4,"1":4,"2":3,"3":3,"4":3},"b":{"0":[1],"1":[3,3],"2":[1]}}
}
