TN:
SF:swaggerOptions.ts
FN:29,setupSwagger
FNF:1
FNH:1
FNDA:1,setupSwagger
DA:4,1
DA:23,1
DA:29,1
DA:30,1
DA:31,1
DA:33,1
LF:6
LH:6
BRF:0
BRH:0
end_of_record
TN:
SF:src/main.ts
FN:10,(anonymous_1)
FN:19,(anonymous_2)
FN:20,(anonymous_3)
FN:23,(anonymous_4)
FN:25,(anonymous_5)
FN:31,(anonymous_6)
FNF:6
FNH:3
FNDA:1,(anonymous_1)
FNDA:0,(anonymous_2)
FNDA:0,(anonymous_3)
FNDA:1,(anonymous_4)
FNDA:0,(anonymous_5)
FNDA:10,(anonymous_6)
DA:1,1
DA:3,1
DA:4,1
DA:6,1
DA:11,1
DA:12,1
DA:14,1
DA:16,1
DA:20,0
DA:24,1
DA:25,0
DA:26,0
DA:32,10
LF:13
LH:10
BRDA:24,0,0,0
BRF:1
BRH:0
end_of_record
TN:
SF:src/controllers/notification.controller.ts
FN:4,(anonymous_8)
FN:4,(anonymous_9)
FN:14,(anonymous_10)
FN:14,(anonymous_11)
FN:29,(anonymous_12)
FN:29,(anonymous_13)
FNF:6
FNH:6
FNDA:4,(anonymous_8)
FNDA:4,(anonymous_9)
FNDA:3,(anonymous_10)
FNDA:3,(anonymous_11)
FNDA:3,(anonymous_12)
FNDA:3,(anonymous_13)
DA:2,1
DA:4,4
DA:5,4
DA:6,4
DA:7,4
DA:8,4
DA:10,0
DA:14,3
DA:15,3
DA:16,3
DA:18,3
DA:19,3
DA:20,2
DA:22,1
DA:25,0
DA:29,3
DA:30,3
DA:31,3
DA:32,3
DA:33,1
DA:35,2
DA:36,2
DA:37,1
DA:39,1
DA:40,1
DA:42,0
LF:26
LH:23
BRDA:19,0,0,2
BRDA:19,0,1,1
BRDA:36,1,0,1
BRDA:39,2,0,1
BRF:4
BRH:4
end_of_record
TN:
SF:src/dtos/notification.dto.ts
FN:1,(anonymous_0)
FN:6,(anonymous_1)
FNF:2
FNH:2
FNDA:1,(anonymous_0)
FNDA:1,(anonymous_1)
DA:1,1
DA:2,1
DA:3,1
DA:6,1
DA:7,1
DA:8,1
DA:9,1
LF:7
LH:7
BRDA:1,0,0,1
BRDA:1,0,1,1
BRDA:6,1,0,1
BRDA:6,1,1,1
BRF:4
BRH:4
end_of_record
TN:
SF:src/models/index.ts
FN:13,(anonymous_1)
FNF:1
FNH:1
FNDA:1,(anonymous_1)
DA:1,1
DA:2,1
DA:4,1
DA:5,1
DA:6,1
DA:8,1
DA:12,1
DA:13,1
DA:15,1
LF:9
LH:9
BRDA:4,0,0,1
BRDA:4,0,1,0
BRF:2
BRH:1
end_of_record
TN:
SF:src/models/notifications.model.ts
FNF:0
FNH:0
DA:2,1
DA:3,1
DA:4,1
DA:17,1
DA:38,1
LF:5
LH:5
BRF:0
BRH:0
end_of_record
TN:
SF:src/routes/notification.routes.ts
FNF:0
FNH:0
DA:1,1
DA:2,1
DA:4,1
DA:72,1
DA:92,1
DA:119,1
DA:121,1
LF:7
LH:7
BRF:0
BRH:0
end_of_record
TN:
SF:src/services/notification.services.ts
FN:5,(anonymous_8)
FN:5,(anonymous_9)
FN:23,(anonymous_10)
FN:33,(anonymous_12)
FN:33,(anonymous_13)
FNF:5
FNH:5
FNDA:4,(anonymous_8)
FNDA:4,(anonymous_9)
FNDA:3,(anonymous_10)
FNDA:3,(anonymous_12)
FNDA:3,(anonymous_13)
DA:1,1
DA:2,1
DA:4,1
DA:5,4
DA:6,4
DA:7,4
DA:14,4
DA:15,4
DA:16,4
DA:18,0
DA:19,0
DA:24,3
DA:25,3
DA:26,3
DA:28,0
DA:29,0
DA:33,3
DA:34,3
DA:35,3
DA:36,1
DA:38,2
DA:39,2
DA:40,1
DA:42,1
DA:43,1
DA:45,2
DA:46,2
LF:27
LH:23
BRDA:35,0,0,1
BRDA:35,1,0,3
BRDA:35,1,1,3
BRDA:39,2,0,1
BRF:4
BRH:4
end_of_record
